D:\ONEDRIVE\DOCUMENTOS\COMPILADOR-EM-C\COMPILADOR\DEBUG\COMPILADOR.BSC
D:\ONEDRIVE\DOCUMENTOS\COMPILADOR-EM-C\COMPILADOR\COMPILADOR\DEBUG\SOURCE.OBJ
D:\ONEDRIVE\DOCUMENTOS\COMPILADOR-EM-C\COMPILADOR\COMPILADOR\DEBUG\VC110.PDB
D:\ONEDRIVE\DOCUMENTOS\COMPILADOR-EM-C\COMPILADOR\COMPILADOR\DEBUG\SOURCE.SBR
D:\ONEDRIVE\DOCUMENTOS\COMPILADOR-EM-C\COMPILADOR\COMPILADOR\DEBUG\CE.SBR
D:\ONEDRIVE\DOCUMENTOS\COMPILADOR-EM-C\COMPILADOR\COMPILADOR\DEBUG\CE.OBJ
D:\ONEDRIVE\DOCUMENTOS\COMPILADOR-EM-C\COMPILADOR\DEBUG\COMPILADOR.ILK
D:\ONEDRIVE\DOCUMENTOS\COMPILADOR-EM-C\COMPILADOR\DEBUG\COMPILADOR.EXE
D:\ONEDRIVE\DOCUMENTOS\COMPILADOR-EM-C\COMPILADOR\DEBUG\COMPILADOR.PDB
D:\OneDrive\Documentos\Compilador-em-C\Compilador\Compilador\Debug\ce.obj
D:\OneDrive\Documentos\Compilador-em-C\Compilador\Compilador\Debug\Source.obj
D:\OneDrive\Documentos\Compilador-em-C\Compilador\Compilador\Debug\BscMake.command.1.tlog
D:\OneDrive\Documentos\Compilador-em-C\Compilador\Compilador\Debug\bscmake.read.1.tlog
D:\OneDrive\Documentos\Compilador-em-C\Compilador\Compilador\Debug\BscMake.write.1.tlog
D:\OneDrive\Documentos\Compilador-em-C\Compilador\Compilador\Debug\cl.command.1.tlog
D:\OneDrive\Documentos\Compilador-em-C\Compilador\Compilador\Debug\CL.read.1.tlog
D:\OneDrive\Documentos\Compilador-em-C\Compilador\Compilador\Debug\CL.write.1.tlog
D:\OneDrive\Documentos\Compilador-em-C\Compilador\Compilador\Debug\link-cvtres.read.1.tlog
D:\OneDrive\Documentos\Compilador-em-C\Compilador\Compilador\Debug\link-cvtres.write.1.tlog
D:\OneDrive\Documentos\Compilador-em-C\Compilador\Compilador\Debug\link-rc.read.1.tlog
D:\OneDrive\Documentos\Compilador-em-C\Compilador\Compilador\Debug\link-rc.write.1.tlog
D:\OneDrive\Documentos\Compilador-em-C\Compilador\Compilador\Debug\link.10028-cvtres.read.1.tlog
D:\OneDrive\Documentos\Compilador-em-C\Compilador\Compilador\Debug\link.10028-cvtres.write.1.tlog
D:\OneDrive\Documentos\Compilador-em-C\Compilador\Compilador\Debug\link.10028-rc.read.1.tlog
D:\OneDrive\Documentos\Compilador-em-C\Compilador\Compilador\Debug\link.10028-rc.write.1.tlog
D:\OneDrive\Documentos\Compilador-em-C\Compilador\Compilador\Debug\link.10028.read.1.tlog
D:\OneDrive\Documentos\Compilador-em-C\Compilador\Compilador\Debug\link.10028.write.1.tlog
D:\OneDrive\Documentos\Compilador-em-C\Compilador\Compilador\Debug\link.10520-cvtres.read.1.tlog
D:\OneDrive\Documentos\Compilador-em-C\Compilador\Compilador\Debug\link.10520-cvtres.write.1.tlog
D:\OneDrive\Documentos\Compilador-em-C\Compilador\Compilador\Debug\link.10520-rc.read.1.tlog
D:\OneDrive\Documentos\Compilador-em-C\Compilador\Compilador\Debug\link.10520-rc.write.1.tlog
D:\OneDrive\Documentos\Compilador-em-C\Compilador\Compilador\Debug\link.10520.read.1.tlog
D:\OneDrive\Documentos\Compilador-em-C\Compilador\Compilador\Debug\link.10520.write.1.tlog
D:\OneDrive\Documentos\Compilador-em-C\Compilador\Compilador\Debug\link.10996-cvtres.read.1.tlog
D:\OneDrive\Documentos\Compilador-em-C\Compilador\Compilador\Debug\link.10996-cvtres.write.1.tlog
D:\OneDrive\Documentos\Compilador-em-C\Compilador\Compilador\Debug\link.10996-rc.read.1.tlog
D:\OneDrive\Documentos\Compilador-em-C\Compilador\Compilador\Debug\link.10996-rc.write.1.tlog
D:\OneDrive\Documentos\Compilador-em-C\Compilador\Compilador\Debug\link.10996.read.1.tlog
D:\OneDrive\Documentos\Compilador-em-C\Compilador\Compilador\Debug\link.10996.write.1.tlog
D:\OneDrive\Documentos\Compilador-em-C\Compilador\Compilador\Debug\link.11564-cvtres.read.1.tlog
D:\OneDrive\Documentos\Compilador-em-C\Compilador\Compilador\Debug\link.11564-cvtres.write.1.tlog
D:\OneDrive\Documentos\Compilador-em-C\Compilador\Compilador\Debug\link.11564-rc.read.1.tlog
D:\OneDrive\Documentos\Compilador-em-C\Compilador\Compilador\Debug\link.11564-rc.write.1.tlog
D:\OneDrive\Documentos\Compilador-em-C\Compilador\Compilador\Debug\link.11564.read.1.tlog
D:\OneDrive\Documentos\Compilador-em-C\Compilador\Compilador\Debug\link.11564.write.1.tlog
D:\OneDrive\Documentos\Compilador-em-C\Compilador\Compilador\Debug\link.2104-cvtres.read.1.tlog
D:\OneDrive\Documentos\Compilador-em-C\Compilador\Compilador\Debug\link.2104-cvtres.write.1.tlog
D:\OneDrive\Documentos\Compilador-em-C\Compilador\Compilador\Debug\link.2104-rc.read.1.tlog
D:\OneDrive\Documentos\Compilador-em-C\Compilador\Compilador\Debug\link.2104-rc.write.1.tlog
D:\OneDrive\Documentos\Compilador-em-C\Compilador\Compilador\Debug\link.2104.read.1.tlog
D:\OneDrive\Documentos\Compilador-em-C\Compilador\Compilador\Debug\link.2104.write.1.tlog
D:\OneDrive\Documentos\Compilador-em-C\Compilador\Compilador\Debug\link.2228-cvtres.read.1.tlog
D:\OneDrive\Documentos\Compilador-em-C\Compilador\Compilador\Debug\link.2228-cvtres.write.1.tlog
D:\OneDrive\Documentos\Compilador-em-C\Compilador\Compilador\Debug\link.2228-rc.read.1.tlog
D:\OneDrive\Documentos\Compilador-em-C\Compilador\Compilador\Debug\link.2228-rc.write.1.tlog
D:\OneDrive\Documentos\Compilador-em-C\Compilador\Compilador\Debug\link.2228.read.1.tlog
D:\OneDrive\Documentos\Compilador-em-C\Compilador\Compilador\Debug\link.2228.write.1.tlog
D:\OneDrive\Documentos\Compilador-em-C\Compilador\Compilador\Debug\link.2236-cvtres.read.1.tlog
D:\OneDrive\Documentos\Compilador-em-C\Compilador\Compilador\Debug\link.2236-cvtres.write.1.tlog
D:\OneDrive\Documentos\Compilador-em-C\Compilador\Compilador\Debug\link.2236-rc.read.1.tlog
D:\OneDrive\Documentos\Compilador-em-C\Compilador\Compilador\Debug\link.2236-rc.write.1.tlog
D:\OneDrive\Documentos\Compilador-em-C\Compilador\Compilador\Debug\link.2236.read.1.tlog
D:\OneDrive\Documentos\Compilador-em-C\Compilador\Compilador\Debug\link.2236.write.1.tlog
D:\OneDrive\Documentos\Compilador-em-C\Compilador\Compilador\Debug\link.2868-cvtres.read.1.tlog
D:\OneDrive\Documentos\Compilador-em-C\Compilador\Compilador\Debug\link.2868-cvtres.write.1.tlog
D:\OneDrive\Documentos\Compilador-em-C\Compilador\Compilador\Debug\link.2868-rc.read.1.tlog
D:\OneDrive\Documentos\Compilador-em-C\Compilador\Compilador\Debug\link.2868-rc.write.1.tlog
D:\OneDrive\Documentos\Compilador-em-C\Compilador\Compilador\Debug\link.2868.read.1.tlog
D:\OneDrive\Documentos\Compilador-em-C\Compilador\Compilador\Debug\link.2868.write.1.tlog
D:\OneDrive\Documentos\Compilador-em-C\Compilador\Compilador\Debug\link.3960-cvtres.read.1.tlog
D:\OneDrive\Documentos\Compilador-em-C\Compilador\Compilador\Debug\link.3960-cvtres.write.1.tlog
D:\OneDrive\Documentos\Compilador-em-C\Compilador\Compilador\Debug\link.3960-rc.read.1.tlog
D:\OneDrive\Documentos\Compilador-em-C\Compilador\Compilador\Debug\link.3960-rc.write.1.tlog
D:\OneDrive\Documentos\Compilador-em-C\Compilador\Compilador\Debug\link.3960.read.1.tlog
D:\OneDrive\Documentos\Compilador-em-C\Compilador\Compilador\Debug\link.3960.write.1.tlog
D:\OneDrive\Documentos\Compilador-em-C\Compilador\Compilador\Debug\link.6212-cvtres.read.1.tlog
D:\OneDrive\Documentos\Compilador-em-C\Compilador\Compilador\Debug\link.6212-cvtres.write.1.tlog
D:\OneDrive\Documentos\Compilador-em-C\Compilador\Compilador\Debug\link.6212-rc.read.1.tlog
D:\OneDrive\Documentos\Compilador-em-C\Compilador\Compilador\Debug\link.6212-rc.write.1.tlog
D:\OneDrive\Documentos\Compilador-em-C\Compilador\Compilador\Debug\link.6212.read.1.tlog
D:\OneDrive\Documentos\Compilador-em-C\Compilador\Compilador\Debug\link.6212.write.1.tlog
D:\OneDrive\Documentos\Compilador-em-C\Compilador\Compilador\Debug\link.7144-cvtres.read.1.tlog
D:\OneDrive\Documentos\Compilador-em-C\Compilador\Compilador\Debug\link.7144-cvtres.write.1.tlog
D:\OneDrive\Documentos\Compilador-em-C\Compilador\Compilador\Debug\link.7144-rc.read.1.tlog
D:\OneDrive\Documentos\Compilador-em-C\Compilador\Compilador\Debug\link.7144-rc.write.1.tlog
D:\OneDrive\Documentos\Compilador-em-C\Compilador\Compilador\Debug\link.7144.read.1.tlog
D:\OneDrive\Documentos\Compilador-em-C\Compilador\Compilador\Debug\link.7144.write.1.tlog
D:\OneDrive\Documentos\Compilador-em-C\Compilador\Compilador\Debug\link.8188-cvtres.read.1.tlog
D:\OneDrive\Documentos\Compilador-em-C\Compilador\Compilador\Debug\link.8188-cvtres.write.1.tlog
D:\OneDrive\Documentos\Compilador-em-C\Compilador\Compilador\Debug\link.8188-rc.read.1.tlog
D:\OneDrive\Documentos\Compilador-em-C\Compilador\Compilador\Debug\link.8188-rc.write.1.tlog
D:\OneDrive\Documentos\Compilador-em-C\Compilador\Compilador\Debug\link.8188.read.1.tlog
D:\OneDrive\Documentos\Compilador-em-C\Compilador\Compilador\Debug\link.8188.write.1.tlog
D:\OneDrive\Documentos\Compilador-em-C\Compilador\Compilador\Debug\link.9356-cvtres.read.1.tlog
D:\OneDrive\Documentos\Compilador-em-C\Compilador\Compilador\Debug\link.9356-cvtres.write.1.tlog
D:\OneDrive\Documentos\Compilador-em-C\Compilador\Compilador\Debug\link.9356-rc.read.1.tlog
D:\OneDrive\Documentos\Compilador-em-C\Compilador\Compilador\Debug\link.9356-rc.write.1.tlog
D:\OneDrive\Documentos\Compilador-em-C\Compilador\Compilador\Debug\link.9356.read.1.tlog
D:\OneDrive\Documentos\Compilador-em-C\Compilador\Compilador\Debug\link.9356.write.1.tlog
D:\OneDrive\Documentos\Compilador-em-C\Compilador\Compilador\Debug\link.9780-cvtres.read.1.tlog
D:\OneDrive\Documentos\Compilador-em-C\Compilador\Compilador\Debug\link.9780-cvtres.write.1.tlog
D:\OneDrive\Documentos\Compilador-em-C\Compilador\Compilador\Debug\link.9780-rc.read.1.tlog
D:\OneDrive\Documentos\Compilador-em-C\Compilador\Compilador\Debug\link.9780-rc.write.1.tlog
D:\OneDrive\Documentos\Compilador-em-C\Compilador\Compilador\Debug\link.9780.read.1.tlog
D:\OneDrive\Documentos\Compilador-em-C\Compilador\Compilador\Debug\link.9780.write.1.tlog
D:\OneDrive\Documentos\Compilador-em-C\Compilador\Compilador\Debug\link.command.1.tlog
D:\OneDrive\Documentos\Compilador-em-C\Compilador\Compilador\Debug\link.read.1.tlog
D:\OneDrive\Documentos\Compilador-em-C\Compilador\Compilador\Debug\link.write.1.tlog
D:\OneDrive\Documentos\Compilador-em-C\Compilador\Compilador\Debug\vc110.idb
D:\OneDrive\Documentos\Compilador-em-C\Compilador\Compilador\Debug\vc110.pdb
D:\OneDrive\Documentos\Compilador-em-C\Compilador\Compilador\Debug\ce.sbr
D:\OneDrive\Documentos\Compilador-em-C\Compilador\Compilador\Debug\Source.sbr
D:\OneDrive\Documentos\Compilador-em-C\Compilador\Debug\Compilador.pdb
D:\OneDrive\Documentos\Compilador-em-C\Compilador\Debug\Compilador.exe
D:\OneDrive\Documentos\Compilador-em-C\Compilador\Debug\Compilador.bsc
D:\OneDrive\Documentos\Compilador-em-C\Compilador\Debug\Compilador.ilk
